<?xml version="1.0" encoding="UTF-8"?>
<!-- Generated by org.testng.reporters.JUnitXMLReporter -->
<testsuite hostname="ASDW0012" name="Default test" tests="3" failures="0" timestamp="5 Feb 2019 12:31:31 GMT" time="0.051" errors="0">
  <testcase name="testLetterCaseMatch" time="0.026" classname="com.qait.mavenTestNg.AppTest"/>
  <testcase name="testLetterCaseMatch1" time="0.003" classname="com.qait.mavenTestNg.AppTest"/>
  <testcase name="testLetterMatch" time="0.001" classname="com.qait.mavenTestNg.AppTest"/>
</testsuite> <!-- Default test -->
